
> frontend@0.1.0 dev
> next dev

  ▲ Next.js 14.2.3
  - Local:        http://localhost:3000

 ✓ Starting...
 ✓ Ready in 2.4s
 ○ Compiling / ...
 ✓ Compiled / in 4.2s (592 modules)
 GET / 200 in 4550ms
 ○ Compiling /_not-found ...
 ✓ Compiled /_not-found in 7.2s (809 modules)
 GET /api/auth/session 200 in 7560ms
 GET /events/1 404 in 7436ms
[next-auth][error][EMAIL_REQUIRES_ADAPTER_ERROR]
https://next-auth.js.org/errors#email_requires_adapter_error E-mail login requires an adapter. MissingAdapter [MissingAdapterError]: E-mail login requires an adapter.
    at assertConfig (webpack-internal:///(rsc)/../../node_modules/.pnpm/next-auth@4.24.13_next@14.2.3_react-dom@18.3.1_react@18.3.1__react@18.3.1__react-dom@18.3.1_react@18.3.1__react@18.3.1/node_modules/next-auth/core/lib/assert.js:69:14)
    at AuthHandler (webpack-internal:///(rsc)/../../node_modules/.pnpm/next-auth@4.24.13_next@14.2.3_react-dom@18.3.1_react@18.3.1__react@18.3.1__react-dom@18.3.1_react@18.3.1__react@18.3.1/node_modules/next-auth/core/index.js:59:52)
    at process.processTicksAndRejections (node:internal/process/task_queues:105:5)
    at async NextAuthRouteHandler (webpack-internal:///(rsc)/../../node_modules/.pnpm/next-auth@4.24.13_next@14.2.3_react-dom@18.3.1_react@18.3.1__react@18.3.1__react-dom@18.3.1_react@18.3.1__react@18.3.1/node_modules/next-auth/next/index.js:57:28)
    at async NextAuth._args$ (webpack-internal:///(rsc)/../../node_modules/.pnpm/next-auth@4.24.13_next@14.2.3_react-dom@18.3.1_react@18.3.1__react@18.3.1__react-dom@18.3.1_react@18.3.1__react@18.3.1/node_modules/next-auth/next/index.js:89:16)
    at async /app/node_modules/.pnpm/next@14.2.3_react-dom@18.3.1_react@18.3.1__react@18.3.1/node_modules/next/dist/compiled/next-server/app-route.runtime.dev.js:6:53446
    at async e_.execute (/app/node_modules/.pnpm/next@14.2.3_react-dom@18.3.1_react@18.3.1__react@18.3.1/node_modules/next/dist/compiled/next-server/app-route.runtime.dev.js:6:44747)
    at async e_.handle (/app/node_modules/.pnpm/next@14.2.3_react-dom@18.3.1_react@18.3.1__react@18.3.1/node_modules/next/dist/compiled/next-server/app-route.runtime.dev.js:6:54700)
    at async doRender (/app/node_modules/.pnpm/next@14.2.3_react-dom@18.3.1_react@18.3.1__react@18.3.1/node_modules/next/dist/server/base-server.js:1377:42)
    at async cacheEntry.responseCache.get.routeKind (/app/node_modules/.pnpm/next@14.2.3_react-dom@18.3.1_react@18.3.1__react@18.3.1/node_modules/next/dist/server/base-server.js:1587:40)
    at async DevServer.renderToResponseWithComponentsImpl (/app/node_modules/.pnpm/next@14.2.3_react-dom@18.3.1_react@18.3.1__react@18.3.1/node_modules/next/dist/server/base-server.js:1507:28)
    at async DevServer.renderPageComponent (/app/node_modules/.pnpm/next@14.2.3_react-dom@18.3.1_react@18.3.1__react@18.3.1/node_modules/next/dist/server/base-server.js:1924:24)
    at async DevServer.renderToResponseImpl (/app/node_modules/.pnpm/next@14.2.3_react-dom@18.3.1_react@18.3.1__react@18.3.1/node_modules/next/dist/server/base-server.js:1962:32)
    at async DevServer.pipeImpl (/app/node_modules/.pnpm/next@14.2.3_react-dom@18.3.1_react@18.3.1__react@18.3.1/node_modules/next/dist/server/base-server.js:920:25)
    at async NextNodeServer.handleCatchallRenderRequest (/app/node_modules/.pnpm/next@14.2.3_react-dom@18.3.1_react@18.3.1__react@18.3.1/node_modules/next/dist/server/next-server.js:272:17)
    at async DevServer.handleRequestImpl (/app/node_modules/.pnpm/next@14.2.3_react-dom@18.3.1_react@18.3.1__react@18.3.1/node_modules/next/dist/server/base-server.js:816:17)
    at async /app/node_modules/.pnpm/next@14.2.3_react-dom@18.3.1_react@18.3.1__react@18.3.1/node_modules/next/dist/server/dev/next-dev-server.js:339:20
    at async Span.traceAsyncFn (/app/node_modules/.pnpm/next@14.2.3_react-dom@18.3.1_react@18.3.1__react@18.3.1/node_modules/next/dist/trace/trace.js:154:20)
    at async DevServer.handleRequest (/app/node_modules/.pnpm/next@14.2.3_react-dom@18.3.1_react@18.3.1__react@18.3.1/node_modules/next/dist/server/dev/next-dev-server.js:336:24)
    at async invokeRender (/app/node_modules/.pnpm/next@14.2.3_react-dom@18.3.1_react@18.3.1__react@18.3.1/node_modules/next/dist/server/lib/router-server.js:174:21)
    at async handleRequest (/app/node_modules/.pnpm/next@14.2.3_react-dom@18.3.1_react@18.3.1__react@18.3.1/node_modules/next/dist/server/lib/router-server.js:353:24)
    at async requestHandlerImpl (/app/node_modules/.pnpm/next@14.2.3_react-dom@18.3.1_react@18.3.1__react@18.3.1/node_modules/next/dist/server/lib/router-server.js:377:13)
    at async Server.requestListener (/app/node_modules/.pnpm/next@14.2.3_react-dom@18.3.1_react@18.3.1__react@18.3.1/node_modules/next/dist/server/lib/start-server.js:141:13) {
  code: 'EMAIL_REQUIRES_ADAPTER_ERROR'
}
[next-auth][error][EMAIL_REQUIRES_ADAPTER_ERROR]
https://next-auth.js.org/errors#email_requires_adapter_error E-mail login requires an adapter. MissingAdapter [MissingAdapterError]: E-mail login requires an adapter.
    at assertConfig (webpack-internal:///(rsc)/../../node_modules/.pnpm/next-auth@4.24.13_next@14.2.3_react-dom@18.3.1_react@18.3.1__react@18.3.1__react-dom@18.3.1_react@18.3.1__react@18.3.1/node_modules/next-auth/core/lib/assert.js:69:14)
    at AuthHandler (webpack-internal:///(rsc)/../../node_modules/.pnpm/next-auth@4.24.13_next@14.2.3_react-dom@18.3.1_react@18.3.1__react@18.3.1__react-dom@18.3.1_react@18.3.1__react@18.3.1/node_modules/next-auth/core/index.js:59:52)
    at process.processTicksAndRejections (node:internal/process/task_queues:105:5)
    at async NextAuthRouteHandler (webpack-internal:///(rsc)/../../node_modules/.pnpm/next-auth@4.24.13_next@14.2.3_react-dom@18.3.1_react@18.3.1__react@18.3.1__react-dom@18.3.1_react@18.3.1__react@18.3.1/node_modules/next-auth/next/index.js:57:28)
    at async NextAuth._args$ (webpack-internal:///(rsc)/../../node_modules/.pnpm/next-auth@4.24.13_next@14.2.3_react-dom@18.3.1_react@18.3.1__react@18.3.1__react-dom@18.3.1_react@18.3.1__react@18.3.1/node_modules/next-auth/next/index.js:89:16)
    at async /app/node_modules/.pnpm/next@14.2.3_react-dom@18.3.1_react@18.3.1__react@18.3.1/node_modules/next/dist/compiled/next-server/app-route.runtime.dev.js:6:53446
    at async e_.execute (/app/node_modules/.pnpm/next@14.2.3_react-dom@18.3.1_react@18.3.1__react@18.3.1/node_modules/next/dist/compiled/next-server/app-route.runtime.dev.js:6:44747)
    at async e_.handle (/app/node_modules/.pnpm/next@14.2.3_react-dom@18.3.1_react@18.3.1__react@18.3.1/node_modules/next/dist/compiled/next-server/app-route.runtime.dev.js:6:54700)
    at async doRender (/app/node_modules/.pnpm/next@14.2.3_react-dom@18.3.1_react@18.3.1__react@18.3.1/node_modules/next/dist/server/base-server.js:1377:42)
    at async cacheEntry.responseCache.get.routeKind (/app/node_modules/.pnpm/next@14.2.3_react-dom@18.3.1_react@18.3.1__react@18.3.1/node_modules/next/dist/server/base-server.js:1587:40)
    at async DevServer.renderToResponseWithComponentsImpl (/app/node_modules/.pnpm/next@14.2.3_react-dom@18.3.1_react@18.3.1__react@18.3.1/node_modules/next/dist/server/base-server.js:1507:28)
    at async DevServer.renderPageComponent (/app/node_modules/.pnpm/next@14.2.3_react-dom@18.3.1_react@18.3.1__react@18.3.1/node_modules/next/dist/server/base-server.js:1924:24)
    at async DevServer.renderToResponseImpl (/app/node_modules/.pnpm/next@14.2.3_react-dom@18.3.1_react@18.3.1__react@18.3.1/node_modules/next/dist/server/base-server.js:1962:32)
    at async DevServer.pipeImpl (/app/node_modules/.pnpm/next@14.2.3_react-dom@18.3.1_react@18.3.1__react@18.3.1/node_modules/next/dist/server/base-server.js:920:25)
    at async NextNodeServer.handleCatchallRenderRequest (/app/node_modules/.pnpm/next@14.2.3_react-dom@18.3.1_react@18.3.1__react@18.3.1/node_modules/next/dist/server/next-server.js:272:17)
    at async DevServer.handleRequestImpl (/app/node_modules/.pnpm/next@14.2.3_react-dom@18.3.1_react@18.3.1__react@18.3.1/node_modules/next/dist/server/base-server.js:816:17)
    at async /app/node_modules/.pnpm/next@14.2.3_react-dom@18.3.1_react@18.3.1__react@18.3.1/node_modules/next/dist/server/dev/next-dev-server.js:339:20
    at async Span.traceAsyncFn (/app/node_modules/.pnpm/next@14.2.3_react-dom@18.3.1_react@18.3.1__react@18.3.1/node_modules/next/dist/trace/trace.js:154:20)
    at async DevServer.handleRequest (/app/node_modules/.pnpm/next@14.2.3_react-dom@18.3.1_react@18.3.1__react@18.3.1/node_modules/next/dist/server/dev/next-dev-server.js:336:24)
    at async invokeRender (/app/node_modules/.pnpm/next@14.2.3_react-dom@18.3.1_react@18.3.1__react@18.3.1/node_modules/next/dist/server/lib/router-server.js:174:21)
    at async handleRequest (/app/node_modules/.pnpm/next@14.2.3_react-dom@18.3.1_react@18.3.1__react@18.3.1/node_modules/next/dist/server/lib/router-server.js:353:24)
    at async requestHandlerImpl (/app/node_modules/.pnpm/next@14.2.3_react-dom@18.3.1_react@18.3.1__react@18.3.1/node_modules/next/dist/server/lib/router-server.js:377:13)
    at async Server.requestListener (/app/node_modules/.pnpm/next@14.2.3_react-dom@18.3.1_react@18.3.1__react@18.3.1/node_modules/next/dist/server/lib/start-server.js:141:13) {
  code: 'EMAIL_REQUIRES_ADAPTER_ERROR'
}
[next-auth][error][EMAIL_REQUIRES_ADAPTER_ERROR]
https://next-auth.js.org/errors#email_requires_adapter_error E-mail login requires an adapter. MissingAdapter [MissingAdapterError]: E-mail login requires an adapter.
    at assertConfig (webpack-internal:///(rsc)/../../node_modules/.pnpm/next-auth@4.24.13_next@14.2.3_react-dom@18.3.1_react@18.3.1__react@18.3.1__react-dom@18.3.1_react@18.3.1__react@18.3.1/node_modules/next-auth/core/lib/assert.js:69:14)
    at AuthHandler (webpack-internal:///(rsc)/../../node_modules/.pnpm/next-auth@4.24.13_next@14.2.3_react-dom@18.3.1_react@18.3.1__react@18.3.1__react-dom@18.3.1_react@18.3.1__react@18.3.1/node_modules/next-auth/core/index.js:59:52)
    at process.processTicksAndRejections (node:internal/process/task_queues:105:5)
    at async NextAuthRouteHandler (webpack-internal:///(rsc)/../../node_modules/.pnpm/next-auth@4.24.13_next@14.2.3_react-dom@18.3.1_react@18.3.1__react@18.3.1__react-dom@18.3.1_react@18.3.1__react@18.3.1/node_modules/next-auth/next/index.js:57:28)
    at async NextAuth._args$ (webpack-internal:///(rsc)/../../node_modules/.pnpm/next-auth@4.24.13_next@14.2.3_react-dom@18.3.1_react@18.3.1__react@18.3.1__react-dom@18.3.1_react@18.3.1__react@18.3.1/node_modules/next-auth/next/index.js:89:16)
    at async /app/node_modules/.pnpm/next@14.2.3_react-dom@18.3.1_react@18.3.1__react@18.3.1/node_modules/next/dist/compiled/next-server/app-route.runtime.dev.js:6:53446
    at async e_.execute (/app/node_modules/.pnpm/next@14.2.3_react-dom@18.3.1_react@18.3.1__react@18.3.1/node_modules/next/dist/compiled/next-server/app-route.runtime.dev.js:6:44747)
    at async e_.handle (/app/node_modules/.pnpm/next@14.2.3_react-dom@18.3.1_react@18.3.1__react@18.3.1/node_modules/next/dist/compiled/next-server/app-route.runtime.dev.js:6:54700)
    at async doRender (/app/node_modules/.pnpm/next@14.2.3_react-dom@18.3.1_react@18.3.1__react@18.3.1/node_modules/next/dist/server/base-server.js:1377:42)
    at async cacheEntry.responseCache.get.routeKind (/app/node_modules/.pnpm/next@14.2.3_react-dom@18.3.1_react@18.3.1__react@18.3.1/node_modules/next/dist/server/base-server.js:1587:40)
    at async DevServer.renderToResponseWithComponentsImpl (/app/node_modules/.pnpm/next@14.2.3_react-dom@18.3.1_react@18.3.1__react@18.3.1/node_modules/next/dist/server/base-server.js:1507:28)
    at async DevServer.renderPageComponent (/app/node_modules/.pnpm/next@14.2.3_react-dom@18.3.1_react@18.3.1__react@18.3.1/node_modules/next/dist/server/base-server.js:1924:24)
    at async DevServer.renderToResponseImpl (/app/node_modules/.pnpm/next@14.2.3_react-dom@18.3.1_react@18.3.1__react@18.3.1/node_modules/next/dist/server/base-server.js:1962:32)
    at async DevServer.pipeImpl (/app/node_modules/.pnpm/next@14.2.3_react-dom@18.3.1_react@18.3.1__react@18.3.1/node_modules/next/dist/server/base-server.js:920:25)
    at async NextNodeServer.handleCatchallRenderRequest (/app/node_modules/.pnpm/next@14.2.3_react-dom@18.3.1_react@18.3.1__react@18.3.1/node_modules/next/dist/server/next-server.js:272:17)
    at async DevServer.handleRequestImpl (/app/node_modules/.pnpm/next@14.2.3_react-dom@18.3.1_react@18.3.1__react@18.3.1/node_modules/next/dist/server/base-server.js:816:17)
    at async /app/node_modules/.pnpm/next@14.2.3_react-dom@18.3.1_react@18.3.1__react@18.3.1/node_modules/next/dist/server/dev/next-dev-server.js:339:20
    at async Span.traceAsyncFn (/app/node_modules/.pnpm/next@14.2.3_react-dom@18.3.1_react@18.3.1__react@18.3.1/node_modules/next/dist/trace/trace.js:154:20)
    at async DevServer.handleRequest (/app/node_modules/.pnpm/next@14.2.3_react-dom@18.3.1_react@18.3.1__react@18.3.1/node_modules/next/dist/server/dev/next-dev-server.js:336:24)
    at async invokeRender (/app/node_modules/.pnpm/next@14.2.3_react-dom@18.3.1_react@18.3.1__react@18.3.1/node_modules/next/dist/server/lib/router-server.js:174:21)
    at async handleRequest (/app/node_modules/.pnpm/next@14.2.3_react-dom@18.3.1_react@18.3.1__react@18.3.1/node_modules/next/dist/server/lib/router-server.js:353:24)
    at async requestHandlerImpl (/app/node_modules/.pnpm/next@14.2.3_react-dom@18.3.1_react@18.3.1__react@18.3.1/node_modules/next/dist/server/lib/router-server.js:377:13)
    at async Server.requestListener (/app/node_modules/.pnpm/next@14.2.3_react-dom@18.3.1_react@18.3.1__react@18.3.1/node_modules/next/dist/server/lib/start-server.js:141:13) {
  code: 'EMAIL_REQUIRES_ADAPTER_ERROR'
}
 POST /api/auth/_log 500 in 583ms
 POST /api/auth/_log 500 in 577ms
[next-auth][error][EMAIL_REQUIRES_ADAPTER_ERROR]
https://next-auth.js.org/errors#email_requires_adapter_error E-mail login requires an adapter. MissingAdapter [MissingAdapterError]: E-mail login requires an adapter.
    at assertConfig (webpack-internal:///(rsc)/../../node_modules/.pnpm/next-auth@4.24.13_next@14.2.3_react-dom@18.3.1_react@18.3.1__react@18.3.1__react-dom@18.3.1_react@18.3.1__react@18.3.1/node_modules/next-auth/core/lib/assert.js:69:14)
    at AuthHandler (webpack-internal:///(rsc)/../../node_modules/.pnpm/next-auth@4.24.13_next@14.2.3_react-dom@18.3.1_react@18.3.1__react@18.3.1__react-dom@18.3.1_react@18.3.1__react@18.3.1/node_modules/next-auth/core/index.js:59:52)
    at async NextAuthRouteHandler (webpack-internal:///(rsc)/../../node_modules/.pnpm/next-auth@4.24.13_next@14.2.3_react-dom@18.3.1_react@18.3.1__react@18.3.1__react-dom@18.3.1_react@18.3.1__react@18.3.1/node_modules/next-auth/next/index.js:57:28)
    at async NextAuth._args$ (webpack-internal:///(rsc)/../../node_modules/.pnpm/next-auth@4.24.13_next@14.2.3_react-dom@18.3.1_react@18.3.1__react@18.3.1__react-dom@18.3.1_react@18.3.1__react@18.3.1/node_modules/next-auth/next/index.js:89:16)
    at async /app/node_modules/.pnpm/next@14.2.3_react-dom@18.3.1_react@18.3.1__react@18.3.1/node_modules/next/dist/compiled/next-server/app-route.runtime.dev.js:6:53446
    at async e_.execute (/app/node_modules/.pnpm/next@14.2.3_react-dom@18.3.1_react@18.3.1__react@18.3.1/node_modules/next/dist/compiled/next-server/app-route.runtime.dev.js:6:44747)
    at async e_.handle (/app/node_modules/.pnpm/next@14.2.3_react-dom@18.3.1_react@18.3.1__react@18.3.1/node_modules/next/dist/compiled/next-server/app-route.runtime.dev.js:6:54700)
    at async doRender (/app/node_modules/.pnpm/next@14.2.3_react-dom@18.3.1_react@18.3.1__react@18.3.1/node_modules/next/dist/server/base-server.js:1377:42)
    at async cacheEntry.responseCache.get.routeKind (/app/node_modules/.pnpm/next@14.2.3_react-dom@18.3.1_react@18.3.1__react@18.3.1/node_modules/next/dist/server/base-server.js:1587:40)
    at async DevServer.renderToResponseWithComponentsImpl (/app/node_modules/.pnpm/next@14.2.3_react-dom@18.3.1_react@18.3.1__react@18.3.1/node_modules/next/dist/server/base-server.js:1507:28)
    at async DevServer.renderPageComponent (/app/node_modules/.pnpm/next@14.2.3_react-dom@18.3.1_react@18.3.1__react@18.3.1/node_modules/next/dist/server/base-server.js:1924:24)
    at async DevServer.renderToResponseImpl (/app/node_modules/.pnpm/next@14.2.3_react-dom@18.3.1_react@18.3.1__react@18.3.1/node_modules/next/dist/server/base-server.js:1962:32)
    at async DevServer.pipeImpl (/app/node_modules/.pnpm/next@14.2.3_react-dom@18.3.1_react@18.3.1__react@18.3.1/node_modules/next/dist/server/base-server.js:920:25)
    at async NextNodeServer.handleCatchallRenderRequest (/app/node_modules/.pnpm/next@14.2.3_react-dom@18.3.1_react@18.3.1__react@18.3.1/node_modules/next/dist/server/next-server.js:272:17)
    at async DevServer.handleRequestImpl (/app/node_modules/.pnpm/next@14.2.3_react-dom@18.3.1_react@18.3.1__react@18.3.1/node_modules/next/dist/server/base-server.js:816:17)
    at async /app/node_modules/.pnpm/next@14.2.3_react-dom@18.3.1_react@18.3.1__react@18.3.1/node_modules/next/dist/server/dev/next-dev-server.js:339:20
    at async Span.traceAsyncFn (/app/node_modules/.pnpm/next@14.2.3_react-dom@18.3.1_react@18.3.1__react@18.3.1/node_modules/next/dist/trace/trace.js:154:20)
    at async DevServer.handleRequest (/app/node_modules/.pnpm/next@14.2.3_react-dom@18.3.1_react@18.3.1__react@18.3.1/node_modules/next/dist/server/dev/next-dev-server.js:336:24)
    at async invokeRender (/app/node_modules/.pnpm/next@14.2.3_react-dom@18.3.1_react@18.3.1__react@18.3.1/node_modules/next/dist/server/lib/router-server.js:174:21)
    at async handleRequest (/app/node_modules/.pnpm/next@14.2.3_react-dom@18.3.1_react@18.3.1__react@18.3.1/node_modules/next/dist/server/lib/router-server.js:353:24)
    at async requestHandlerImpl (/app/node_modules/.pnpm/next@14.2.3_react-dom@18.3.1_react@18.3.1__react@18.3.1/node_modules/next/dist/server/lib/router-server.js:377:13)
    at async Server.requestListener (/app/node_modules/.pnpm/next@14.2.3_react-dom@18.3.1_react@18.3.1__react@18.3.1/node_modules/next/dist/server/lib/start-server.js:141:13) {
  code: 'EMAIL_REQUIRES_ADAPTER_ERROR'
}
 GET /api/auth/session 500 in 34ms
[next-auth][error][EMAIL_REQUIRES_ADAPTER_ERROR]
https://next-auth.js.org/errors#email_requires_adapter_error E-mail login requires an adapter. MissingAdapter [MissingAdapterError]: E-mail login requires an adapter.
    at assertConfig (webpack-internal:///(rsc)/../../node_modules/.pnpm/next-auth@4.24.13_next@14.2.3_react-dom@18.3.1_react@18.3.1__react@18.3.1__react-dom@18.3.1_react@18.3.1__react@18.3.1/node_modules/next-auth/core/lib/assert.js:69:14)
    at AuthHandler (webpack-internal:///(rsc)/../../node_modules/.pnpm/next-auth@4.24.13_next@14.2.3_react-dom@18.3.1_react@18.3.1__react@18.3.1__react-dom@18.3.1_react@18.3.1__react@18.3.1/node_modules/next-auth/core/index.js:59:52)
    at async NextAuthRouteHandler (webpack-internal:///(rsc)/../../node_modules/.pnpm/next-auth@4.24.13_next@14.2.3_react-dom@18.3.1_react@18.3.1__react@18.3.1__react-dom@18.3.1_react@18.3.1__react@18.3.1/node_modules/next-auth/next/index.js:57:28)
    at async NextAuth._args$ (webpack-internal:///(rsc)/../../node_modules/.pnpm/next-auth@4.24.13_next@14.2.3_react-dom@18.3.1_react@18.3.1__react@18.3.1__react-dom@18.3.1_react@18.3.1__react@18.3.1/node_modules/next-auth/next/index.js:89:16)
    at async /app/node_modules/.pnpm/next@14.2.3_react-dom@18.3.1_react@18.3.1__react@18.3.1/node_modules/next/dist/compiled/next-server/app-route.runtime.dev.js:6:53446
    at async e_.execute (/app/node_modules/.pnpm/next@14.2.3_react-dom@18.3.1_react@18.3.1__react@18.3.1/node_modules/next/dist/compiled/next-server/app-route.runtime.dev.js:6:44747)
    at async e_.handle (/app/node_modules/.pnpm/next@14.2.3_react-dom@18.3.1_react@18.3.1__react@18.3.1/node_modules/next/dist/compiled/next-server/app-route.runtime.dev.js:6:54700)
    at async doRender (/app/node_modules/.pnpm/next@14.2.3_react-dom@18.3.1_react@18.3.1__react@18.3.1/node_modules/next/dist/server/base-server.js:1377:42)
    at async cacheEntry.responseCache.get.routeKind (/app/node_modules/.pnpm/next@14.2.3_react-dom@18.3.1_react@18.3.1__react@18.3.1/node_modules/next/dist/server/base-server.js:1587:40)
    at async DevServer.renderToResponseWithComponentsImpl (/app/node_modules/.pnpm/next@14.2.3_react-dom@18.3.1_react@18.3.1__react@18.3.1/node_modules/next/dist/server/base-server.js:1507:28)
    at async DevServer.renderPageComponent (/app/node_modules/.pnpm/next@14.2.3_react-dom@18.3.1_react@18.3.1__react@18.3.1/node_modules/next/dist/server/base-server.js:1924:24)
    at async DevServer.renderToResponseImpl (/app/node_modules/.pnpm/next@14.2.3_react-dom@18.3.1_react@18.3.1__react@18.3.1/node_modules/next/dist/server/base-server.js:1962:32)
    at async DevServer.pipeImpl (/app/node_modules/.pnpm/next@14.2.3_react-dom@18.3.1_react@18.3.1__react@18.3.1/node_modules/next/dist/server/base-server.js:920:25)
    at async NextNodeServer.handleCatchallRenderRequest (/app/node_modules/.pnpm/next@14.2.3_react-dom@18.3.1_react@18.3.1__react@18.3.1/node_modules/next/dist/server/next-server.js:272:17)
    at async DevServer.handleRequestImpl (/app/node_modules/.pnpm/next@14.2.3_react-dom@18.3.1_react@18.3.1__react@18.3.1/node_modules/next/dist/server/base-server.js:816:17)
    at async /app/node_modules/.pnpm/next@14.2.3_react-dom@18.3.1_react@18.3.1__react@18.3.1/node_modules/next/dist/server/dev/next-dev-server.js:339:20
    at async Span.traceAsyncFn (/app/node_modules/.pnpm/next@14.2.3_react-dom@18.3.1_react@18.3.1__react@18.3.1/node_modules/next/dist/trace/trace.js:154:20)
    at async DevServer.handleRequest (/app/node_modules/.pnpm/next@14.2.3_react-dom@18.3.1_react@18.3.1__react@18.3.1/node_modules/next/dist/server/dev/next-dev-server.js:336:24)
    at async invokeRender (/app/node_modules/.pnpm/next@14.2.3_react-dom@18.3.1_react@18.3.1__react@18.3.1/node_modules/next/dist/server/lib/router-server.js:174:21)
    at async handleRequest (/app/node_modules/.pnpm/next@14.2.3_react-dom@18.3.1_react@18.3.1__react@18.3.1/node_modules/next/dist/server/lib/router-server.js:353:24)
    at async requestHandlerImpl (/app/node_modules/.pnpm/next@14.2.3_react-dom@18.3.1_react@18.3.1__react@18.3.1/node_modules/next/dist/server/lib/router-server.js:377:13)
    at async Server.requestListener (/app/node_modules/.pnpm/next@14.2.3_react-dom@18.3.1_react@18.3.1__react@18.3.1/node_modules/next/dist/server/lib/start-server.js:141:13) {
  code: 'EMAIL_REQUIRES_ADAPTER_ERROR'
}
 GET /api/auth/session 500 in 25ms
[next-auth][error][EMAIL_REQUIRES_ADAPTER_ERROR]
https://next-auth.js.org/errors#email_requires_adapter_error E-mail login requires an adapter. MissingAdapter [MissingAdapterError]: E-mail login requires an adapter.
    at assertConfig (webpack-internal:///(rsc)/../../node_modules/.pnpm/next-auth@4.24.13_next@14.2.3_react-dom@18.3.1_react@18.3.1__react@18.3.1__react-dom@18.3.1_react@18.3.1__react@18.3.1/node_modules/next-auth/core/lib/assert.js:69:14)
    at AuthHandler (webpack-internal:///(rsc)/../../node_modules/.pnpm/next-auth@4.24.13_next@14.2.3_react-dom@18.3.1_react@18.3.1__react@18.3.1__react-dom@18.3.1_react@18.3.1__react@18.3.1/node_modules/next-auth/core/index.js:59:52)
    at process.processTicksAndRejections (node:internal/process/task_queues:105:5)
    at async NextAuthRouteHandler (webpack-internal:///(rsc)/../../node_modules/.pnpm/next-auth@4.24.13_next@14.2.3_react-dom@18.3.1_react@18.3.1__react@18.3.1__react-dom@18.3.1_react@18.3.1__react@18.3.1/node_modules/next-auth/next/index.js:57:28)
    at async NextAuth._args$ (webpack-internal:///(rsc)/../../node_modules/.pnpm/next-auth@4.24.13_next@14.2.3_react-dom@18.3.1_react@18.3.1__react@18.3.1__react-dom@18.3.1_react@18.3.1__react@18.3.1/node_modules/next-auth/next/index.js:89:16)
    at async /app/node_modules/.pnpm/next@14.2.3_react-dom@18.3.1_react@18.3.1__react@18.3.1/node_modules/next/dist/compiled/next-server/app-route.runtime.dev.js:6:53446
    at async e_.execute (/app/node_modules/.pnpm/next@14.2.3_react-dom@18.3.1_react@18.3.1__react@18.3.1/node_modules/next/dist/compiled/next-server/app-route.runtime.dev.js:6:44747)
    at async e_.handle (/app/node_modules/.pnpm/next@14.2.3_react-dom@18.3.1_react@18.3.1__react@18.3.1/node_modules/next/dist/compiled/next-server/app-route.runtime.dev.js:6:54700)
    at async doRender (/app/node_modules/.pnpm/next@14.2.3_react-dom@18.3.1_react@18.3.1__react@18.3.1/node_modules/next/dist/server/base-server.js:1377:42)
    at async cacheEntry.responseCache.get.routeKind (/app/node_modules/.pnpm/next@14.2.3_react-dom@18.3.1_react@18.3.1__react@18.3.1/node_modules/next/dist/server/base-server.js:1587:40)
    at async DevServer.renderToResponseWithComponentsImpl (/app/node_modules/.pnpm/next@14.2.3_react-dom@18.3.1_react@18.3.1__react@18.3.1/node_modules/next/dist/server/base-server.js:1507:28)
    at async DevServer.renderPageComponent (/app/node_modules/.pnpm/next@14.2.3_react-dom@18.3.1_react@18.3.1__react@18.3.1/node_modules/next/dist/server/base-server.js:1924:24)
    at async DevServer.renderToResponseImpl (/app/node_modules/.pnpm/next@14.2.3_react-dom@18.3.1_react@18.3.1__react@18.3.1/node_modules/next/dist/server/base-server.js:1962:32)
    at async DevServer.pipeImpl (/app/node_modules/.pnpm/next@14.2.3_react-dom@18.3.1_react@18.3.1__react@18.3.1/node_modules/next/dist/server/base-server.js:920:25)
    at async NextNodeServer.handleCatchallRenderRequest (/app/node_modules/.pnpm/next@14.2.3_react-dom@18.3.1_react@18.3.1__react@18.3.1/node_modules/next/dist/server/next-server.js:272:17)
    at async DevServer.handleRequestImpl (/app/node_modules/.pnpm/next@14.2.3_react-dom@18.3.1_react@18.3.1__react@18.3.1/node_modules/next/dist/server/base-server.js:816:17)
    at async /app/node_modules/.pnpm/next@14.2.3_react-dom@18.3.1_react@18.3.1__react@18.3.1/node_modules/next/dist/server/dev/next-dev-server.js:339:20
    at async Span.traceAsyncFn (/app/node_modules/.pnpm/next@14.2.3_react-dom@18.3.1_react@18.3.1__react@18.3.1/node_modules/next/dist/trace/trace.js:154:20)
    at async DevServer.handleRequest (/app/node_modules/.pnpm/next@14.2.3_react-dom@18.3.1_react@18.3.1__react@18.3.1/node_modules/next/dist/server/dev/next-dev-server.js:336:24)
    at async invokeRender (/app/node_modules/.pnpm/next@14.2.3_react-dom@18.3.1_react@18.3.1__react@18.3.1/node_modules/next/dist/server/lib/router-server.js:174:21)
    at async handleRequest (/app/node_modules/.pnpm/next@14.2.3_react-dom@18.3.1_react@18.3.1__react@18.3.1/node_modules/next/dist/server/lib/router-server.js:353:24)
    at async requestHandlerImpl (/app/node_modules/.pnpm/next@14.2.3_react-dom@18.3.1_react@18.3.1__react@18.3.1/node_modules/next/dist/server/lib/router-server.js:377:13)
    at async Server.requestListener (/app/node_modules/.pnpm/next@14.2.3_react-dom@18.3.1_react@18.3.1__react@18.3.1/node_modules/next/dist/server/lib/start-server.js:141:13) {
  code: 'EMAIL_REQUIRES_ADAPTER_ERROR'
}
 POST /api/auth/_log 500 in 25ms
[next-auth][error][EMAIL_REQUIRES_ADAPTER_ERROR]
https://next-auth.js.org/errors#email_requires_adapter_error E-mail login requires an adapter. MissingAdapter [MissingAdapterError]: E-mail login requires an adapter.
    at assertConfig (webpack-internal:///(rsc)/../../node_modules/.pnpm/next-auth@4.24.13_next@14.2.3_react-dom@18.3.1_react@18.3.1__react@18.3.1__react-dom@18.3.1_react@18.3.1__react@18.3.1/node_modules/next-auth/core/lib/assert.js:69:14)
    at AuthHandler (webpack-internal:///(rsc)/../../node_modules/.pnpm/next-auth@4.24.13_next@14.2.3_react-dom@18.3.1_react@18.3.1__react@18.3.1__react-dom@18.3.1_react@18.3.1__react@18.3.1/node_modules/next-auth/core/index.js:59:52)
    at process.processTicksAndRejections (node:internal/process/task_queues:105:5)
    at async NextAuthRouteHandler (webpack-internal:///(rsc)/../../node_modules/.pnpm/next-auth@4.24.13_next@14.2.3_react-dom@18.3.1_react@18.3.1__react@18.3.1__react-dom@18.3.1_react@18.3.1__react@18.3.1/node_modules/next-auth/next/index.js:57:28)
    at async NextAuth._args$ (webpack-internal:///(rsc)/../../node_modules/.pnpm/next-auth@4.24.13_next@14.2.3_react-dom@18.3.1_react@18.3.1__react@18.3.1__react-dom@18.3.1_react@18.3.1__react@18.3.1/node_modules/next-auth/next/index.js:89:16)
    at async /app/node_modules/.pnpm/next@14.2.3_react-dom@18.3.1_react@18.3.1__react@18.3.1/node_modules/next/dist/compiled/next-server/app-route.runtime.dev.js:6:53446
    at async e_.execute (/app/node_modules/.pnpm/next@14.2.3_react-dom@18.3.1_react@18.3.1__react@18.3.1/node_modules/next/dist/compiled/next-server/app-route.runtime.dev.js:6:44747)
    at async e_.handle (/app/node_modules/.pnpm/next@14.2.3_react-dom@18.3.1_react@18.3.1__react@18.3.1/node_modules/next/dist/compiled/next-server/app-route.runtime.dev.js:6:54700)
    at async doRender (/app/node_modules/.pnpm/next@14.2.3_react-dom@18.3.1_react@18.3.1__react@18.3.1/node_modules/next/dist/server/base-server.js:1377:42)
    at async cacheEntry.responseCache.get.routeKind (/app/node_modules/.pnpm/next@14.2.3_react-dom@18.3.1_react@18.3.1__react@18.3.1/node_modules/next/dist/server/base-server.js:1587:40)
    at async DevServer.renderToResponseWithComponentsImpl (/app/node_modules/.pnpm/next@14.2.3_react-dom@18.3.1_react@18.3.1__react@18.3.1/node_modules/next/dist/server/base-server.js:1507:28)
    at async DevServer.renderPageComponent (/app/node_modules/.pnpm/next@14.2.3_react-dom@18.3.1_react@18.3.1__react@18.3.1/node_modules/next/dist/server/base-server.js:1924:24)
    at async DevServer.renderToResponseImpl (/app/node_modules/.pnpm/next@14.2.3_react-dom@18.3.1_react@18.3.1__react@18.3.1/node_modules/next/dist/server/base-server.js:1962:32)
    at async DevServer.pipeImpl (/app/node_modules/.pnpm/next@14.2.3_react-dom@18.3.1_react@18.3.1__react@18.3.1/node_modules/next/dist/server/base-server.js:920:25)
    at async NextNodeServer.handleCatchallRenderRequest (/app/node_modules/.pnpm/next@14.2.3_react-dom@18.3.1_react@18.3.1__react@18.3.1/node_modules/next/dist/server/next-server.js:272:17)
    at async DevServer.handleRequestImpl (/app/node_modules/.pnpm/next@14.2.3_react-dom@18.3.1_react@18.3.1__react@18.3.1/node_modules/next/dist/server/base-server.js:816:17)
    at async /app/node_modules/.pnpm/next@14.2.3_react-dom@18.3.1_react@18.3.1__react@18.3.1/node_modules/next/dist/server/dev/next-dev-server.js:339:20
    at async Span.traceAsyncFn (/app/node_modules/.pnpm/next@14.2.3_react-dom@18.3.1_react@18.3.1__react@18.3.1/node_modules/next/dist/trace/trace.js:154:20)
    at async DevServer.handleRequest (/app/node_modules/.pnpm/next@14.2.3_react-dom@18.3.1_react@18.3.1__react@18.3.1/node_modules/next/dist/server/dev/next-dev-server.js:336:24)
    at async invokeRender (/app/node_modules/.pnpm/next@14.2.3_react-dom@18.3.1_react@18.3.1__react@18.3.1/node_modules/next/dist/server/lib/router-server.js:174:21)
    at async handleRequest (/app/node_modules/.pnpm/next@14.2.3_react-dom@18.3.1_react@18.3.1__react@18.3.1/node_modules/next/dist/server/lib/router-server.js:353:24)
    at async requestHandlerImpl (/app/node_modules/.pnpm/next@14.2.3_react-dom@18.3.1_react@18.3.1__react@18.3.1/node_modules/next/dist/server/lib/router-server.js:377:13)
    at async Server.requestListener (/app/node_modules/.pnpm/next@14.2.3_react-dom@18.3.1_react@18.3.1__react@18.3.1/node_modules/next/dist/server/lib/start-server.js:141:13) {
  code: 'EMAIL_REQUIRES_ADAPTER_ERROR'
}
 POST /api/auth/_log 500 in 20ms
